<?xml version="1.0" encoding="UTF-8"?>
<!-- Generated by org.testng.reporters.JUnitXMLReporter -->
<testsuite hostname="DESKTOP-CMUGO2P" ignored="6" name="TestEdge" tests="3" failures="0" timestamp="2022-08-08T16:09:57 GMT-06:00" time="0.014" errors="0">
  <testcase name="@BeforeClass beforeStart" time="0.006" classname="com.test.TestCases.HomePageTestCases">
    <failure type="java.lang.IllegalStateException" message="The driver executable must exist: C:\Users\Owner\Desktop\home work folder\IndiaBazarc:\selenium\msedgedriver.exe">
      <![CDATA[java.lang.IllegalStateException: The driver executable must exist: C:\Users\Owner\Desktop\home work folder\IndiaBazarc:\selenium\msedgedriver.exe
at org.openqa.selenium.internal.Require$FileStateChecker.isFile(Require.java:315)
at org.openqa.selenium.remote.service.DriverService.checkExecutable(DriverService.java:147)
at org.openqa.selenium.remote.service.DriverService.findExecutable(DriverService.java:142)
at org.openqa.selenium.edge.EdgeDriverService.access$000(EdgeDriverService.java:40)
at org.openqa.selenium.edge.EdgeDriverService$Builder.findDefaultExecutable(EdgeDriverService.java:176)
at org.openqa.selenium.remote.service.DriverService$Builder.build(DriverService.java:437)
at org.openqa.selenium.edge.EdgeDriver.<init>(EdgeDriver.java:41)
at org.openqa.selenium.edge.EdgeDriver.<init>(EdgeDriver.java:38)
at com.test.Base.TestBase.getBrowseer(TestBase.java:70)
at com.test.Base.TestBase.initial(TestBase.java:47)
at com.test.TestCases.HomePageTestCases.beforeStart(HomePageTestCases.java:41)
at java.util.ArrayList.forEach(Unknown Source)
... Removed 25 stack frames]]>
    </failure>
  </testcase> <!-- @BeforeClass beforeStart -->
  <testcase name="@AfterClass afterFinish" time="-1.659996597045E9" classname="com.test.TestCases.HomePageTestCases">
    <skipped/>
  </testcase> <!-- @AfterClass afterFinish -->
  <testcase name="TC_6" time="0.0" classname="com.test.TestCases.HomePageTestCases">
    <skipped/>
  </testcase> <!-- TC_6 -->
  <testcase name="TC_8" time="0.0" classname="com.test.TestCases.HomePageTestCases">
    <skipped/>
  </testcase> <!-- TC_8 -->
  <testcase name="TC_9" time="0.0" classname="com.test.TestCases.HomePageTestCases">
    <skipped/>
  </testcase> <!-- TC_9 -->
  <testcase name="TC_7" time="0.0" classname="com.test.TestCases.HomePageTestCases">
    <ignored/>
  </testcase> <!-- TC_7 -->
  <testcase name="TC_5" time="0.0" classname="com.test.TestCases.HomePageTestCases">
    <ignored/>
  </testcase> <!-- TC_5 -->
  <testcase name="TC_4" time="0.0" classname="com.test.TestCases.HomePageTestCases">
    <ignored/>
  </testcase> <!-- TC_4 -->
  <testcase name="TC_3" time="0.0" classname="com.test.TestCases.HomePageTestCases">
    <ignored/>
  </testcase> <!-- TC_3 -->
  <testcase name="TC_2" time="0.0" classname="com.test.TestCases.HomePageTestCases">
    <ignored/>
  </testcase> <!-- TC_2 -->
  <testcase name="TC_1" time="0.0" classname="com.test.TestCases.HomePageTestCases">
    <ignored/>
  </testcase> <!-- TC_1 -->
</testsuite> <!-- TestEdge -->
