<?xml version="1.0" encoding="UTF-8"?>
<!-- Generated by org.testng.reporters.JUnitXMLReporter -->
<testsuite hostname="DESKTOP-CMUGO2P" ignored="8" name="Test" tests="16" failures="0" timestamp="2022-08-08T16:09:57 GMT-06:00" time="10.94" errors="0">
  <testcase name="@BeforeClass beforeStart" time="5.506" classname="com.test.TestCases.HomePageTestCases">
    <failure type="org.openqa.selenium.SessionNotCreatedException" message="Could not start a new session. Response code 500. Message: session not created: This version of ChromeDriver only supports Chrome version 101
Current browser version is 103.0.5060.134 with binary path C:\Program Files\Google\Chrome\Application\chrome.exe
Build info: version: &amp;apos;4.0.0&amp;apos;, revision: &amp;apos;3a21814679&amp;apos;
System info: host: &amp;apos;DESKTOP-CMUGO2P&amp;apos;, ip: &amp;apos;192.168.1.85&amp;apos;, os.name: &amp;apos;Windows 10&amp;apos;, os.arch: &amp;apos;amd64&amp;apos;, os.version: &amp;apos;10.0&amp;apos;, java.version: &amp;apos;1.8.0_231&amp;apos;
Driver info: org.openqa.selenium.chrome.ChromeDriver
Command: [null, newSession {capabilities=[Capabilities {browserName: chrome, goog:chromeOptions: {args: [], extensions: []}}], desiredCapabilities=Capabilities {browserName: chrome, goog:chromeOptions: {args: [], extensions: []}}}]">
      <![CDATA[org.openqa.selenium.SessionNotCreatedException: Could not start a new session. Response code 500. Message: session not created: This version of ChromeDriver only supports Chrome version 101
Current browser version is 103.0.5060.134 with binary path C:\Program Files\Google\Chrome\Application\chrome.exe
Build info: version: '4.0.0', revision: '3a21814679'
System info: host: 'DESKTOP-CMUGO2P', ip: '192.168.1.85', os.name: 'Windows 10', os.arch: 'amd64', os.version: '10.0', java.version: '1.8.0_231'
Driver info: org.openqa.selenium.chrome.ChromeDriver
Command: [null, newSession {capabilities=[Capabilities {browserName: chrome, goog:chromeOptions: {args: [], extensions: []}}], desiredCapabilities=Capabilities {browserName: chrome, goog:chromeOptions: {args: [], extensions: []}}}]
at org.openqa.selenium.remote.ProtocolHandshake.createSession(ProtocolHandshake.java:126)
at org.openqa.selenium.remote.ProtocolHandshake.createSession(ProtocolHandshake.java:84)
at org.openqa.selenium.remote.ProtocolHandshake.createSession(ProtocolHandshake.java:62)
at org.openqa.selenium.remote.HttpCommandExecutor.execute(HttpCommandExecutor.java:156)
at org.openqa.selenium.remote.service.DriverCommandExecutor.invokeExecute(DriverCommandExecutor.java:167)
at org.openqa.selenium.remote.service.DriverCommandExecutor.execute(DriverCommandExecutor.java:142)
at org.openqa.selenium.remote.RemoteWebDriver.execute(RemoteWebDriver.java:558)
at org.openqa.selenium.remote.RemoteWebDriver.startSession(RemoteWebDriver.java:245)
at org.openqa.selenium.remote.RemoteWebDriver.<init>(RemoteWebDriver.java:161)
at org.openqa.selenium.chromium.ChromiumDriver.<init>(ChromiumDriver.java:108)
at org.openqa.selenium.chrome.ChromeDriver.<init>(ChromeDriver.java:104)
at org.openqa.selenium.chrome.ChromeDriver.<init>(ChromeDriver.java:91)
at org.openqa.selenium.chrome.ChromeDriver.<init>(ChromeDriver.java:46)
at com.test.Base.TestBase.getBrowseer(TestBase.java:65)
at com.test.Base.TestBase.initial(TestBase.java:47)
at com.test.TestCases.HomePageTestCases.beforeStart(HomePageTestCases.java:41)
at java.util.ArrayList.forEach(Unknown Source)
... Removed 25 stack frames]]>
    </failure>
  </testcase> <!-- @BeforeClass beforeStart -->
  <testcase name="@AfterClass afterFinish" time="-1.659996591578E9" classname="com.test.TestCases.HomePageTestCases">
    <skipped/>
  </testcase> <!-- @AfterClass afterFinish -->
  <testcase name="@BeforeClass beforeStart" time="1.746" classname="com.test.TestCases.ShopPageTestCases">
    <failure type="org.openqa.selenium.SessionNotCreatedException" message="Could not start a new session. Response code 500. Message: session not created: This version of ChromeDriver only supports Chrome version 101
Current browser version is 103.0.5060.134 with binary path C:\Program Files\Google\Chrome\Application\chrome.exe
Build info: version: &amp;apos;4.0.0&amp;apos;, revision: &amp;apos;3a21814679&amp;apos;
System info: host: &amp;apos;DESKTOP-CMUGO2P&amp;apos;, ip: &amp;apos;192.168.1.85&amp;apos;, os.name: &amp;apos;Windows 10&amp;apos;, os.arch: &amp;apos;amd64&amp;apos;, os.version: &amp;apos;10.0&amp;apos;, java.version: &amp;apos;1.8.0_231&amp;apos;
Driver info: org.openqa.selenium.chrome.ChromeDriver
Command: [null, newSession {capabilities=[Capabilities {browserName: chrome, goog:chromeOptions: {args: [], extensions: []}}], desiredCapabilities=Capabilities {browserName: chrome, goog:chromeOptions: {args: [], extensions: []}}}]">
      <![CDATA[org.openqa.selenium.SessionNotCreatedException: Could not start a new session. Response code 500. Message: session not created: This version of ChromeDriver only supports Chrome version 101
Current browser version is 103.0.5060.134 with binary path C:\Program Files\Google\Chrome\Application\chrome.exe
Build info: version: '4.0.0', revision: '3a21814679'
System info: host: 'DESKTOP-CMUGO2P', ip: '192.168.1.85', os.name: 'Windows 10', os.arch: 'amd64', os.version: '10.0', java.version: '1.8.0_231'
Driver info: org.openqa.selenium.chrome.ChromeDriver
Command: [null, newSession {capabilities=[Capabilities {browserName: chrome, goog:chromeOptions: {args: [], extensions: []}}], desiredCapabilities=Capabilities {browserName: chrome, goog:chromeOptions: {args: [], extensions: []}}}]
at org.openqa.selenium.remote.ProtocolHandshake.createSession(ProtocolHandshake.java:126)
at org.openqa.selenium.remote.ProtocolHandshake.createSession(ProtocolHandshake.java:84)
at org.openqa.selenium.remote.ProtocolHandshake.createSession(ProtocolHandshake.java:62)
at org.openqa.selenium.remote.HttpCommandExecutor.execute(HttpCommandExecutor.java:156)
at org.openqa.selenium.remote.service.DriverCommandExecutor.invokeExecute(DriverCommandExecutor.java:167)
at org.openqa.selenium.remote.service.DriverCommandExecutor.execute(DriverCommandExecutor.java:142)
at org.openqa.selenium.remote.RemoteWebDriver.execute(RemoteWebDriver.java:558)
at org.openqa.selenium.remote.RemoteWebDriver.startSession(RemoteWebDriver.java:245)
at org.openqa.selenium.remote.RemoteWebDriver.<init>(RemoteWebDriver.java:161)
at org.openqa.selenium.chromium.ChromiumDriver.<init>(ChromiumDriver.java:108)
at org.openqa.selenium.chrome.ChromeDriver.<init>(ChromeDriver.java:104)
at org.openqa.selenium.chrome.ChromeDriver.<init>(ChromeDriver.java:91)
at org.openqa.selenium.chrome.ChromeDriver.<init>(ChromeDriver.java:46)
at com.test.Base.TestBase.getBrowseer(TestBase.java:65)
at com.test.Base.TestBase.initial(TestBase.java:47)
at com.test.TestCases.ShopPageTestCases.beforeStart(ShopPageTestCases.java:58)
at java.util.ArrayList.forEach(Unknown Source)
... Removed 25 stack frames]]>
    </failure>
  </testcase> <!-- @BeforeClass beforeStart -->
  <testcase name="@AfterClass afterDone" time="-1.65999659337E9" classname="com.test.TestCases.ShopPageTestCases">
    <skipped/>
  </testcase> <!-- @AfterClass afterDone -->
  <testcase name="@BeforeClass beforeStart" time="1.8" classname="com.test.TestCases.AccountPageTestCases">
    <failure type="org.openqa.selenium.SessionNotCreatedException" message="Could not start a new session. Response code 500. Message: session not created: This version of ChromeDriver only supports Chrome version 101
Current browser version is 103.0.5060.134 with binary path C:\Program Files\Google\Chrome\Application\chrome.exe
Build info: version: &amp;apos;4.0.0&amp;apos;, revision: &amp;apos;3a21814679&amp;apos;
System info: host: &amp;apos;DESKTOP-CMUGO2P&amp;apos;, ip: &amp;apos;192.168.1.85&amp;apos;, os.name: &amp;apos;Windows 10&amp;apos;, os.arch: &amp;apos;amd64&amp;apos;, os.version: &amp;apos;10.0&amp;apos;, java.version: &amp;apos;1.8.0_231&amp;apos;
Driver info: org.openqa.selenium.chrome.ChromeDriver
Command: [null, newSession {capabilities=[Capabilities {browserName: chrome, goog:chromeOptions: {args: [], extensions: []}}], desiredCapabilities=Capabilities {browserName: chrome, goog:chromeOptions: {args: [], extensions: []}}}]">
      <![CDATA[org.openqa.selenium.SessionNotCreatedException: Could not start a new session. Response code 500. Message: session not created: This version of ChromeDriver only supports Chrome version 101
Current browser version is 103.0.5060.134 with binary path C:\Program Files\Google\Chrome\Application\chrome.exe
Build info: version: '4.0.0', revision: '3a21814679'
System info: host: 'DESKTOP-CMUGO2P', ip: '192.168.1.85', os.name: 'Windows 10', os.arch: 'amd64', os.version: '10.0', java.version: '1.8.0_231'
Driver info: org.openqa.selenium.chrome.ChromeDriver
Command: [null, newSession {capabilities=[Capabilities {browserName: chrome, goog:chromeOptions: {args: [], extensions: []}}], desiredCapabilities=Capabilities {browserName: chrome, goog:chromeOptions: {args: [], extensions: []}}}]
at org.openqa.selenium.remote.ProtocolHandshake.createSession(ProtocolHandshake.java:126)
at org.openqa.selenium.remote.ProtocolHandshake.createSession(ProtocolHandshake.java:84)
at org.openqa.selenium.remote.ProtocolHandshake.createSession(ProtocolHandshake.java:62)
at org.openqa.selenium.remote.HttpCommandExecutor.execute(HttpCommandExecutor.java:156)
at org.openqa.selenium.remote.service.DriverCommandExecutor.invokeExecute(DriverCommandExecutor.java:167)
at org.openqa.selenium.remote.service.DriverCommandExecutor.execute(DriverCommandExecutor.java:142)
at org.openqa.selenium.remote.RemoteWebDriver.execute(RemoteWebDriver.java:558)
at org.openqa.selenium.remote.RemoteWebDriver.startSession(RemoteWebDriver.java:245)
at org.openqa.selenium.remote.RemoteWebDriver.<init>(RemoteWebDriver.java:161)
at org.openqa.selenium.chromium.ChromiumDriver.<init>(ChromiumDriver.java:108)
at org.openqa.selenium.chrome.ChromeDriver.<init>(ChromeDriver.java:104)
at org.openqa.selenium.chrome.ChromeDriver.<init>(ChromeDriver.java:91)
at org.openqa.selenium.chrome.ChromeDriver.<init>(ChromeDriver.java:46)
at com.test.Base.TestBase.getBrowseer(TestBase.java:65)
at com.test.Base.TestBase.initial(TestBase.java:47)
at com.test.TestCases.AccountPageTestCases.beforeStart(AccountPageTestCases.java:44)
at java.util.ArrayList.forEach(Unknown Source)
... Removed 25 stack frames]]>
    </failure>
  </testcase> <!-- @BeforeClass beforeStart -->
  <testcase name="@AfterClass afterDone" time="-1.659996595194E9" classname="com.test.TestCases.AccountPageTestCases">
    <skipped/>
  </testcase> <!-- @AfterClass afterDone -->
  <testcase name="@BeforeClass beforeStart" time="1.749" classname="com.test.TestCases.BillingInfoTestCases">
    <failure type="org.openqa.selenium.SessionNotCreatedException" message="Could not start a new session. Response code 500. Message: session not created: This version of ChromeDriver only supports Chrome version 101
Current browser version is 103.0.5060.134 with binary path C:\Program Files\Google\Chrome\Application\chrome.exe
Build info: version: &amp;apos;4.0.0&amp;apos;, revision: &amp;apos;3a21814679&amp;apos;
System info: host: &amp;apos;DESKTOP-CMUGO2P&amp;apos;, ip: &amp;apos;192.168.1.85&amp;apos;, os.name: &amp;apos;Windows 10&amp;apos;, os.arch: &amp;apos;amd64&amp;apos;, os.version: &amp;apos;10.0&amp;apos;, java.version: &amp;apos;1.8.0_231&amp;apos;
Driver info: org.openqa.selenium.chrome.ChromeDriver
Command: [null, newSession {capabilities=[Capabilities {browserName: chrome, goog:chromeOptions: {args: [], extensions: []}}], desiredCapabilities=Capabilities {browserName: chrome, goog:chromeOptions: {args: [], extensions: []}}}]">
      <![CDATA[org.openqa.selenium.SessionNotCreatedException: Could not start a new session. Response code 500. Message: session not created: This version of ChromeDriver only supports Chrome version 101
Current browser version is 103.0.5060.134 with binary path C:\Program Files\Google\Chrome\Application\chrome.exe
Build info: version: '4.0.0', revision: '3a21814679'
System info: host: 'DESKTOP-CMUGO2P', ip: '192.168.1.85', os.name: 'Windows 10', os.arch: 'amd64', os.version: '10.0', java.version: '1.8.0_231'
Driver info: org.openqa.selenium.chrome.ChromeDriver
Command: [null, newSession {capabilities=[Capabilities {browserName: chrome, goog:chromeOptions: {args: [], extensions: []}}], desiredCapabilities=Capabilities {browserName: chrome, goog:chromeOptions: {args: [], extensions: []}}}]
at org.openqa.selenium.remote.ProtocolHandshake.createSession(ProtocolHandshake.java:126)
at org.openqa.selenium.remote.ProtocolHandshake.createSession(ProtocolHandshake.java:84)
at org.openqa.selenium.remote.ProtocolHandshake.createSession(ProtocolHandshake.java:62)
at org.openqa.selenium.remote.HttpCommandExecutor.execute(HttpCommandExecutor.java:156)
at org.openqa.selenium.remote.service.DriverCommandExecutor.invokeExecute(DriverCommandExecutor.java:167)
at org.openqa.selenium.remote.service.DriverCommandExecutor.execute(DriverCommandExecutor.java:142)
at org.openqa.selenium.remote.RemoteWebDriver.execute(RemoteWebDriver.java:558)
at org.openqa.selenium.remote.RemoteWebDriver.startSession(RemoteWebDriver.java:245)
at org.openqa.selenium.remote.RemoteWebDriver.<init>(RemoteWebDriver.java:161)
at org.openqa.selenium.chromium.ChromiumDriver.<init>(ChromiumDriver.java:108)
at org.openqa.selenium.chrome.ChromeDriver.<init>(ChromeDriver.java:104)
at org.openqa.selenium.chrome.ChromeDriver.<init>(ChromeDriver.java:91)
at org.openqa.selenium.chrome.ChromeDriver.<init>(ChromeDriver.java:46)
at com.test.Base.TestBase.getBrowseer(TestBase.java:65)
at com.test.Base.TestBase.initial(TestBase.java:47)
at com.test.TestCases.BillingInfoTestCases.beforeStart(BillingInfoTestCases.java:41)
at java.util.ArrayList.forEach(Unknown Source)
... Removed 25 stack frames]]>
    </failure>
  </testcase> <!-- @BeforeClass beforeStart -->
  <testcase name="@AfterClass afterDone" time="-1.659996596954E9" classname="com.test.TestCases.BillingInfoTestCases">
    <skipped/>
  </testcase> <!-- @AfterClass afterDone -->
  <testcase name="TC_6" time="0.0" classname="com.test.TestCases.HomePageTestCases">
    <skipped/>
  </testcase> <!-- TC_6 -->
  <testcase name="TC_8" time="0.0" classname="com.test.TestCases.HomePageTestCases">
    <skipped/>
  </testcase> <!-- TC_8 -->
  <testcase name="TC_9" time="0.0" classname="com.test.TestCases.HomePageTestCases">
    <skipped/>
  </testcase> <!-- TC_9 -->
  <testcase name="TC_1" time="0.0" classname="com.test.TestCases.ShopPageTestCases">
    <skipped/>
  </testcase> <!-- TC_1 -->
  <testcase name="TC_2" time="0.0" classname="com.test.TestCases.ShopPageTestCases">
    <skipped/>
  </testcase> <!-- TC_2 -->
  <testcase name="TC_4" time="0.0" classname="com.test.TestCases.ShopPageTestCases">
    <skipped/>
  </testcase> <!-- TC_4 -->
  <testcase name="TC_5" time="0.0" classname="com.test.TestCases.ShopPageTestCases">
    <skipped/>
  </testcase> <!-- TC_5 -->
  <testcase name="TC_6" time="0.0" classname="com.test.TestCases.ShopPageTestCases">
    <skipped/>
  </testcase> <!-- TC_6 -->
  <testcase name="TC_7" time="0.0" classname="com.test.TestCases.ShopPageTestCases">
    <skipped/>
  </testcase> <!-- TC_7 -->
  <testcase name="TC_8" time="0.0" classname="com.test.TestCases.ShopPageTestCases">
    <skipped/>
  </testcase> <!-- TC_8 -->
  <testcase name="TC_9" time="0.0" classname="com.test.TestCases.ShopPageTestCases">
    <skipped/>
  </testcase> <!-- TC_9 -->
  <testcase name="TC_2" time="0.0" classname="com.test.TestCases.AccountPageTestCases">
    <skipped/>
  </testcase> <!-- TC_2 -->
  <testcase name="TC_3" time="0.0" classname="com.test.TestCases.AccountPageTestCases">
    <skipped/>
  </testcase> <!-- TC_3 -->
  <testcase name="TC_4" time="0.0" classname="com.test.TestCases.AccountPageTestCases">
    <skipped/>
  </testcase> <!-- TC_4 -->
  <testcase name="TC_1" time="0.0" classname="com.test.TestCases.BillingInfoTestCases">
    <skipped/>
  </testcase> <!-- TC_1 -->
  <testcase name="TC_2" time="0.0" classname="com.test.TestCases.BillingInfoTestCases">
    <skipped/>
  </testcase> <!-- TC_2 -->
  <testcase name="TC_1" time="0.0" classname="com.test.TestCases.AccountPageTestCases">
    <ignored/>
  </testcase> <!-- TC_1 -->
  <testcase name="TC_7" time="0.0" classname="com.test.TestCases.HomePageTestCases">
    <ignored/>
  </testcase> <!-- TC_7 -->
  <testcase name="TC_5" time="0.0" classname="com.test.TestCases.HomePageTestCases">
    <ignored/>
  </testcase> <!-- TC_5 -->
  <testcase name="TC_4" time="0.0" classname="com.test.TestCases.HomePageTestCases">
    <ignored/>
  </testcase> <!-- TC_4 -->
  <testcase name="TC_3" time="0.0" classname="com.test.TestCases.HomePageTestCases">
    <ignored/>
  </testcase> <!-- TC_3 -->
  <testcase name="TC_2" time="0.0" classname="com.test.TestCases.HomePageTestCases">
    <ignored/>
  </testcase> <!-- TC_2 -->
  <testcase name="TC_3" time="0.0" classname="com.test.TestCases.ShopPageTestCases">
    <ignored/>
  </testcase> <!-- TC_3 -->
  <testcase name="TC_1" time="0.0" classname="com.test.TestCases.HomePageTestCases">
    <ignored/>
  </testcase> <!-- TC_1 -->
</testsuite> <!-- Test -->
